<?xml version="1.0" encoding="UTF-8"?>
<!-- Generated by org.testng.reporters.JUnitReportReporter -->
<testsuite hostname="DESKTOP-Pallavi" failures="0" tests="2" name="tests.ApiPortalTest" time="3.436" errors="0" timestamp="2024-05-22T15:22:17 PDT" skipped="0">
  <testcase classname="tests.ApiPortalTest" name="loginRequestTest_TC01" time="0.591"/>
  <testcase classname="tests.ApiPortalTest" name="addDataRequestTest_TC02" time="2.845"/>
</testsuite> <!-- tests.ApiPortalTest -->
