<?xml version="1.0" encoding="UTF-8"?>
<!-- Generated by org.testng.reporters.JUnitReportReporter -->
<testsuite hostname="DESKTOP-Pallavi" failures="0" tests="2" name="tests.ApiPortalTest" time="8.590" errors="0" timestamp="2024-05-21T09:04:41 PDT" skipped="0">
  <testcase classname="tests.ApiPortalTest" name="addDataRequestTest_TC02" time="8.087"/>
  <testcase classname="tests.ApiPortalTest" name="loginRequestTest_TC01" time="0.503"/>
</testsuite> <!-- tests.ApiPortalTest -->
